[debug] [2021-05-31T05:25:48.858Z] ----------------------------------------------------------------------
[debug] [2021-05-31T05:25:48.860Z] Command:       C:\Program Files\nodejs\node.exe C:\Users\IO\AppData\Roaming\npm\node_modules\firebase-tools\lib\bin\firebase.js init
[debug] [2021-05-31T05:25:48.861Z] CLI Version:   9.12.0
[debug] [2021-05-31T05:25:48.861Z] Platform:      win32
[debug] [2021-05-31T05:25:48.861Z] Node Version:  v12.18.4
[debug] [2021-05-31T05:25:48.862Z] Time:          Sun May 30 2021 22:25:48 GMT-0700 (GMT-07:00)
[debug] [2021-05-31T05:25:48.862Z] ----------------------------------------------------------------------
[debug] 
[debug] [2021-05-31T05:25:48.871Z] > command requires scopes: ["email","openid","https://www.googleapis.com/auth/cloudplatformprojects.readonly","https://www.googleapis.com/auth/firebase","https://www.googleapis.com/auth/cloud-platform"]
[debug] [2021-05-31T05:25:48.871Z] > authorizing via signed-in user (al18760117@ite.edu.mx)
[info] 
     ######## #### ########  ######## ########     ###     ######  ########
     ##        ##  ##     ## ##       ##     ##  ##   ##  ##       ##
     ######    ##  ########  ######   ########  #########  ######  ######
     ##        ##  ##    ##  ##       ##     ## ##     ##       ## ##
     ##       #### ##     ## ######## ########  ##     ##  ######  ########

You're about to initialize a Firebase project in this directory:

  D:\Giant\client

Before we get started, keep in mind:

  * You are initializing in an existing Firebase project directory

[info] 
=== Project Setup
[info] 
[info] First, let's associate this project directory with a Firebase project.
[info] You can create multiple project aliases by running firebase use --add, 
[info] but for now we'll just set up a default project.
[info] 
[info] i  .firebaserc already has a default project, using giant-1d6c6. 
[debug] [2021-05-31T05:25:59.729Z] > refreshing access token with scopes: []
[debug] [2021-05-31T05:25:59.729Z] >>> HTTP REQUEST POST https://www.googleapis.com/oauth2/v3/token  
 <request body omitted>
[debug] [2021-05-31T05:25:59.913Z] <<< HTTP RESPONSE 200 {"cache-control":"no-cache, no-store, max-age=0, must-revalidate","pragma":"no-cache","date":"Mon, 31 May 2021 05:25:59 GMT","expires":"Mon, 01 Jan 1990 00:00:00 GMT","content-type":"application/json; charset=utf-8","vary":"X-Origin, Referer, Origin,Accept-Encoding","server":"scaffolding on HTTPServer2","x-xss-protection":"0","x-frame-options":"SAMEORIGIN","x-content-type-options":"nosniff","alt-svc":"h3-29=\":443\"; ma=2592000,h3-T051=\":443\"; ma=2592000,h3-Q050=\":443\"; ma=2592000,h3-Q046=\":443\"; ma=2592000,h3-Q043=\":443\"; ma=2592000,quic=\":443\"; ma=2592000; v=\"46,43\"","accept-ranges":"none","transfer-encoding":"chunked"}
[debug] [2021-05-31T05:25:59.926Z] >>> [apiv2][query] GET https://firebase.googleapis.com/v1beta1/projects/giant-1d6c6 [none]
[debug] [2021-05-31T05:26:00.163Z] <<< [apiv2][status] GET https://firebase.googleapis.com/v1beta1/projects/giant-1d6c6 200
[debug] [2021-05-31T05:26:00.163Z] <<< [apiv2][body] GET https://firebase.googleapis.com/v1beta1/projects/giant-1d6c6 {"projectId":"giant-1d6c6","projectNumber":"419535352577","displayName":"Giant","name":"projects/giant-1d6c6","resources":{"hostingSite":"giant-1d6c6","storageBucket":"giant-1d6c6.appspot.com","locationId":"us-central"},"state":"ACTIVE"}
[info] 
=== Firestore Setup
[debug] [2021-05-31T05:26:00.165Z] > refreshing access token with scopes: ["email","https://www.googleapis.com/auth/cloud-platform","https://www.googleapis.com/auth/cloudplatformprojects.readonly","https://www.googleapis.com/auth/firebase","openid"]
[debug] [2021-05-31T05:26:00.165Z] >>> HTTP REQUEST POST https://www.googleapis.com/oauth2/v3/token  
 <request body omitted>
[debug] [2021-05-31T05:26:00.313Z] <<< HTTP RESPONSE 200 {"cache-control":"no-cache, no-store, max-age=0, must-revalidate","date":"Mon, 31 May 2021 05:25:59 GMT","pragma":"no-cache","expires":"Mon, 01 Jan 1990 00:00:00 GMT","content-type":"application/json; charset=utf-8","vary":"X-Origin, Referer, Origin,Accept-Encoding","server":"scaffolding on HTTPServer2","x-xss-protection":"0","x-frame-options":"SAMEORIGIN","x-content-type-options":"nosniff","alt-svc":"h3-29=\":443\"; ma=2592000,h3-T051=\":443\"; ma=2592000,h3-Q050=\":443\"; ma=2592000,h3-Q046=\":443\"; ma=2592000,h3-Q043=\":443\"; ma=2592000,quic=\":443\"; ma=2592000; v=\"46,43\"","accept-ranges":"none","transfer-encoding":"chunked"}
[debug] [2021-05-31T05:26:00.323Z] >>> HTTP REQUEST GET https://serviceusage.googleapis.com/v1/projects/giant-1d6c6/services/firestore.googleapis.com  
 
[debug] [2021-05-31T05:26:00.768Z] <<< HTTP RESPONSE 200 {"content-type":"application/json; charset=UTF-8","vary":"X-Origin, Referer, Origin,Accept-Encoding","date":"Mon, 31 May 2021 05:26:00 GMT","server":"ESF","cache-control":"private","x-xss-protection":"0","x-frame-options":"SAMEORIGIN","x-content-type-options":"nosniff","alt-svc":"h3-29=\":443\"; ma=2592000,h3-T051=\":443\"; ma=2592000,h3-Q050=\":443\"; ma=2592000,h3-Q046=\":443\"; ma=2592000,h3-Q043=\":443\"; ma=2592000,quic=\":443\"; ma=2592000; v=\"46,43\"","accept-ranges":"none","transfer-encoding":"chunked"}
[debug] [2021-05-31T05:26:00.769Z] >>> HTTP REQUEST GET https://appengine.googleapis.com/v1/apps/giant-1d6c6  
 
[debug] [2021-05-31T05:26:01.035Z] <<< HTTP RESPONSE 200 {"content-type":"application/json; charset=UTF-8","vary":"X-Origin, Referer, Origin,Accept-Encoding","date":"Mon, 31 May 2021 05:26:00 GMT","server":"ESF","cache-control":"private","x-xss-protection":"0","x-frame-options":"SAMEORIGIN","x-content-type-options":"nosniff","alt-svc":"h3-29=\":443\"; ma=2592000,h3-T051=\":443\"; ma=2592000,h3-Q050=\":443\"; ma=2592000,h3-Q046=\":443\"; ma=2592000,h3-Q043=\":443\"; ma=2592000,quic=\":443\"; ma=2592000; v=\"46,43\"","accept-ranges":"none","transfer-encoding":"chunked"}
[debug] [2021-05-31T05:26:01.035Z] database_type: CLOUD_FIRESTORE
[debug] [2021-05-31T05:26:01.035Z] > command requires scopes: ["email","openid","https://www.googleapis.com/auth/cloudplatformprojects.readonly","https://www.googleapis.com/auth/firebase","https://www.googleapis.com/auth/cloud-platform"]
[debug] [2021-05-31T05:26:01.036Z] > authorizing via signed-in user (al18760117@ite.edu.mx)
[debug] [2021-05-31T05:26:01.036Z] [iam] checking project giant-1d6c6 for permissions ["firebase.projects.get"]
[debug] [2021-05-31T05:26:01.036Z] >>> HTTP REQUEST POST https://cloudresourcemanager.googleapis.com/v1/projects/giant-1d6c6:testIamPermissions  
 {"permissions":["firebase.projects.get"]}
[debug] [2021-05-31T05:26:01.295Z] <<< HTTP RESPONSE 200 {"content-type":"application/json; charset=UTF-8","vary":"X-Origin, Referer, Origin,Accept-Encoding","date":"Mon, 31 May 2021 05:26:00 GMT","server":"ESF","cache-control":"private","x-xss-protection":"0","x-frame-options":"SAMEORIGIN","x-content-type-options":"nosniff","server-timing":"gfet4t7; dur=177","alt-svc":"h3-29=\":443\"; ma=2592000,h3-T051=\":443\"; ma=2592000,h3-Q050=\":443\"; ma=2592000,h3-Q046=\":443\"; ma=2592000,h3-Q043=\":443\"; ma=2592000,quic=\":443\"; ma=2592000; v=\"46,43\"","accept-ranges":"none","transfer-encoding":"chunked"}
[info] 
[info] Firestore Security Rules allow you to define how and when to allow
[info] requests. You can keep these rules in your project directory
[info] and publish them with firebase deploy.
[info] 
